<?xml version="1.0" encoding="UTF-8"?>
<!-- Generated by org.testng.reporters.JUnitReportReporter -->
<testsuite skipped="0" hostname="DESKTOP-9CFC3NS" name="com.appium.launchapidemo" tests="1" failures="0" timestamp="4 Mar 2021 10:23:43 GMT" time="13.470" errors="0">
  <testcase name="apidemo" time="13.470" classname="com.appium.launchapidemo"/>
</testsuite> <!-- com.appium.launchapidemo -->
