<?xml version="1.0" encoding="UTF-8"?>
<!-- Generated by org.testng.reporters.JUnitReportReporter -->
<testsuite skipped="0" hostname="DESKTOP-9CFC3NS" name="com.appium.Calculatoroperation" tests="1" failures="0" timestamp="9 Mar 2021 15:08:15 GMT" time="41.688" errors="0">
  <testcase name="summation" time="41.688" classname="com.appium.Calculatoroperation"/>
</testsuite> <!-- com.appium.Calculatoroperation -->
