<?xml version="1.0" encoding="UTF-8"?>
<!-- Generated by org.testng.reporters.JUnitReportReporter -->
<testsuite skipped="0" hostname="DESKTOP-9CFC3NS" name="com.appium.Usecamerabysnapshot" tests="1" failures="0" timestamp="8 Mar 2021 10:25:08 GMT" time="20.670" errors="0">
  <testcase name="snapshot" time="20.670" classname="com.appium.Usecamerabysnapshot"/>
</testsuite> <!-- com.appium.Usecamerabysnapshot -->
