<?xml version="1.0" encoding="UTF-8"?>
<!-- Generated by org.testng.reporters.JUnitReportReporter -->
<testsuite skipped="0" hostname="DESKTOP-9CFC3NS" name="com.appium.Orientation" tests="1" failures="0" timestamp="8 Mar 2021 12:36:40 GMT" time="15.857" errors="0">
  <testcase name="orientation" time="15.857" classname="com.appium.Orientation"/>
</testsuite> <!-- com.appium.Orientation -->
