<?xml version="1.0" encoding="UTF-8"?>
<!-- Generated by org.testng.reporters.JUnitReportReporter -->
<testsuite skipped="0" hostname="DESKTOP-9CFC3NS" name="com.appium.DropDown" tests="1" failures="0" timestamp="8 Mar 2021 07:00:21 GMT" time="23.858" errors="0">
  <testcase name="DrgDrp" time="23.858" classname="com.appium.DropDown"/>
</testsuite> <!-- com.appium.DropDown -->
