<?xml version="1.0" encoding="UTF-8"?>
<!-- Generated by org.testng.reporters.JUnitReportReporter -->
<testsuite skipped="0" hostname="DESKTOP-9CFC3NS" name="com.appium.AppLaunch" tests="1" failures="0" timestamp="4 Mar 2021 09:32:38 GMT" time="24.138" errors="0">
  <testcase name="launchapp" time="24.138" classname="com.appium.AppLaunch"/>
</testsuite> <!-- com.appium.AppLaunch -->
