<?xml version="1.0" encoding="UTF-8"?>
<!-- Generated by org.testng.reporters.JUnitReportReporter -->
<testsuite skipped="0" hostname="DESKTOP-9CFC3NS" name="com.appium.Generaalstores" tests="1" failures="0" timestamp="5 Mar 2021 12:04:59 GMT" time="27.688" errors="0">
  <testcase name="shoeaction" time="27.688" classname="com.appium.Generaalstores"/>
</testsuite> <!-- com.appium.Generaalstores -->
