<?xml version="1.0" encoding="UTF-8"?>
<!-- Generated by org.testng.reporters.JUnitReportReporter -->
<testsuite skipped="0" hostname="DESKTOP-9CFC3NS" name="com.appium.Launchcamera" tests="1" failures="0" timestamp="8 Mar 2021 10:13:37 GMT" time="30.844" errors="0">
  <testcase name="camera" time="30.844" classname="com.appium.Launchcamera"/>
</testsuite> <!-- com.appium.Launchcamera -->
