<?xml version="1.0" encoding="UTF-8"?>
<!-- Generated by org.testng.reporters.JUnitReportReporter -->
<testsuite skipped="0" hostname="DESKTOP-9CFC3NS" name="com.appium.Multitouch" tests="1" failures="0" timestamp="8 Mar 2021 09:51:38 GMT" time="19.476" errors="0">
  <testcase name="mltch" time="19.476" classname="com.appium.Multitouch"/>
</testsuite> <!-- com.appium.Multitouch -->
