<?xml version="1.0" encoding="UTF-8"?>
<!-- Generated by org.testng.reporters.JUnitReportReporter -->
<testsuite skipped="0" hostname="DESKTOP-9CFC3NS" name="com.appium.LaunchCal" tests="1" failures="0" timestamp="5 Mar 2021 06:55:58 GMT" time="12.088" errors="0">
  <testcase name="LaunchCal" time="12.088" classname="com.appium.LaunchCal"/>
</testsuite> <!-- com.appium.LaunchCal -->
