<?xml version="1.0" encoding="UTF-8"?>
<!-- Generated by org.testng.reporters.JUnitReportReporter -->
<testsuite skipped="0" hostname="DESKTOP-9CFC3NS" name="com.appium.Brightnessup" tests="1" failures="0" timestamp="8 Mar 2021 10:48:15 GMT" time="34.971" errors="0">
  <testcase name="bright" time="34.971" classname="com.appium.Brightnessup"/>
</testsuite> <!-- com.appium.Brightnessup -->
