<?xml version="1.0" encoding="UTF-8"?>
<!-- Generated by org.testng.reporters.JUnitReportReporter -->
<testsuite skipped="0" hostname="DESKTOP-9CFC3NS" name="com.appium.Tapmethod" tests="1" failures="0" timestamp="5 Mar 2021 05:47:38 GMT" time="21.370" errors="0">
  <testcase name="tapping" time="21.370" classname="com.appium.Tapmethod"/>
</testsuite> <!-- com.appium.Tapmethod -->
