<?xml version="1.0" encoding="UTF-8"?>
<!-- Generated by org.testng.reporters.JUnitReportReporter -->
<testsuite skipped="0" hostname="DESKTOP-9CFC3NS" name="com.appium.Launchchrome" tests="1" failures="0" timestamp="9 Mar 2021 05:55:03 GMT" time="16.513" errors="0">
  <testcase name="launchchromebr" time="16.513" classname="com.appium.Launchchrome"/>
</testsuite> <!-- com.appium.Launchchrome -->
