<?xml version="1.0" encoding="UTF-8"?>
<!-- Generated by org.testng.reporters.JUnitReportReporter -->
<testsuite skipped="0" hostname="DESKTOP-9CFC3NS" name="com.appium.SwitchBetweenApp" tests="1" failures="0" timestamp="8 Mar 2021 11:13:37 GMT" time="15.147" errors="0">
  <testcase name="switching" time="15.147" classname="com.appium.SwitchBetweenApp"/>
</testsuite> <!-- com.appium.SwitchBetweenApp -->
