<?xml version="1.0" encoding="UTF-8"?>
<!-- Generated by org.testng.reporters.JUnitReportReporter -->
<testsuite skipped="0" hostname="DESKTOP-9CFC3NS" name="com.appium.installapp" tests="1" failures="0" timestamp="4 Mar 2021 09:55:21 GMT" time="29.349" errors="0">
  <testcase name="install" time="29.349" classname="com.appium.installapp"/>
</testsuite> <!-- com.appium.installapp -->
