<?xml version="1.0" encoding="UTF-8"?>
<!-- Generated by org.testng.reporters.JUnitReportReporter -->
<testsuite skipped="0" hostname="DESKTOP-9CFC3NS" name="com.appium.Apidemosscroll" tests="1" failures="0" timestamp="5 Mar 2021 11:45:53 GMT" time="22.157" errors="0">
  <testcase name="scrollaction" time="22.157" classname="com.appium.Apidemosscroll"/>
</testsuite> <!-- com.appium.Apidemosscroll -->
