<?xml version="1.0" encoding="UTF-8"?>
<!-- Generated by org.testng.reporters.JUnitReportReporter -->
<testsuite skipped="0" hostname="DESKTOP-9CFC3NS" name="com.appium.calculatorgeneric" tests="1" failures="0" timestamp="5 Mar 2021 06:42:44 GMT" time="16.518" errors="0">
  <testcase name="calci" time="16.518" classname="com.appium.calculatorgeneric"/>
</testsuite> <!-- com.appium.calculatorgeneric -->
