<?xml version="1.0" encoding="UTF-8"?>
<!-- Generated by org.testng.reporters.JUnitReportReporter -->
<testsuite skipped="0" hostname="DESKTOP-9CFC3NS" name="com.appium.launchtouchscreen" tests="1" failures="0" timestamp="8 Mar 2021 05:21:59 GMT" time="22.169" errors="0">
  <testcase name="touchscreen" time="22.169" classname="com.appium.launchtouchscreen"/>
</testsuite> <!-- com.appium.launchtouchscreen -->
