<?xml version="1.0" encoding="UTF-8"?>
<!-- Generated by org.testng.reporters.JUnitReportReporter -->
<testsuite skipped="0" hostname="DESKTOP-9CFC3NS" name="com.appium.OpenNotification" tests="1" failures="0" timestamp="8 Mar 2021 12:06:23 GMT" time="21.500" errors="0">
  <testcase name="openNotify" time="21.500" classname="com.appium.OpenNotification"/>
</testsuite> <!-- com.appium.OpenNotification -->
