<?xml version="1.0" encoding="UTF-8"?>
<!-- Generated by org.testng.reporters.JUnitReportReporter -->
<testsuite skipped="0" hostname="DESKTOP-9CFC3NS" name="com.appium.Volumeup" tests="1" failures="0" timestamp="8 Mar 2021 10:37:17 GMT" time="21.843" errors="0">
  <testcase name="volumeinc" time="21.843" classname="com.appium.Volumeup"/>
</testsuite> <!-- com.appium.Volumeup -->
