<?xml version="1.0" encoding="UTF-8"?>
<!-- Generated by org.testng.reporters.JUnitReportReporter -->
<testsuite skipped="0" hostname="DESKTOP-9CFC3NS" name="com.appium.Toast3" tests="1" failures="0" timestamp="9 Mar 2021 08:13:18 GMT" time="20.405" errors="0">
  <testcase name="tsss" time="20.405" classname="com.appium.Toast3"/>
</testsuite> <!-- com.appium.Toast3 -->
