<?xml version="1.0" encoding="UTF-8"?>
<!-- Generated by org.testng.reporters.JUnitReportReporter -->
<testsuite skipped="0" hostname="DESKTOP-9CFC3NS" name="com.appium.Draganddrop" tests="1" failures="0" timestamp="8 Mar 2021 05:57:50 GMT" time="20.200" errors="0">
  <testcase name="draganddrop" time="20.200" classname="com.appium.Draganddrop"/>
</testsuite> <!-- com.appium.Draganddrop -->
