<?xml version="1.0" encoding="UTF-8"?>
<!-- Generated by org.testng.reporters.JUnitReportReporter -->
<testsuite skipped="0" hostname="DESKTOP-9CFC3NS" name="com.appium.ScaleImage" tests="1" failures="0" timestamp="8 Mar 2021 08:02:50 GMT" time="20.111" errors="0">
  <testcase name="scaleImage" time="20.111" classname="com.appium.ScaleImage"/>
</testsuite> <!-- com.appium.ScaleImage -->
