<?xml version="1.0" encoding="UTF-8"?>
<!-- Generated by org.testng.reporters.JUnitReportReporter -->
<testsuite skipped="0" hostname="DESKTOP-9CFC3NS" name="com.appium.Switchapp2" tests="1" failures="0" timestamp="9 Mar 2021 10:46:07 GMT" time="33.136" errors="0">
  <testcase name="switchbrowser" time="33.136" classname="com.appium.Switchapp2"/>
</testsuite> <!-- com.appium.Switchapp2 -->
