<?xml version="1.0" encoding="UTF-8"?>
<!-- Generated by org.testng.reporters.JUnitReportReporter -->
<testsuite skipped="0" hostname="DESKTOP-9CFC3NS" name="com.appium.DropDown2" tests="1" failures="0" timestamp="8 Mar 2021 07:22:49 GMT" time="50.908" errors="0">
  <testcase name="drpdwn2" time="50.908" classname="com.appium.DropDown2"/>
</testsuite> <!-- com.appium.DropDown2 -->
